myrank=   0 0 0 0
myrank=   2 0 2 0
myrank=   4 0 4 0
myrank=   1 0 1 0
myrank=   5 0 5 0
myrank=   3 0 3 0
 locRange: 1     1   125     1   211     1    25
neighbors: 1        0        2        1        1        1        1
 absRange: 1     1   125   212   422     1    25
 locRange: 5     1   125     1   201     1    25
 locRange: 3     1   125     1   211     1    25
neighbors: 3        2        4        3        3        3        3
 absRange: 3     1   125   634   844     1    25
neighbors: 5        4       -1        5        5        5        5
 absRange: 5     1   125  1056  1266     1    25
 locRange: 4     1   125     1   211     1    25
neighbors: 4        3        5        4        4        4        4
 absRange: 4     1   125   845  1055     1    25
 locRange: 0     1   125    11   211     1    25
neighbors: 0       -1        1        0        0        0        0
 absRange: 0     1   125     1   211     1    25
 locRange: 2     1   125     1   211     1    25
neighbors: 2        1        3        2        2        2        2
 absRange: 2     1   125   423   633     1    25
 sigmam=   2.3989393988497120E+017
 npmls=          10          10          10
 Nx=         125 Ny=        1266 Nz=          25
 N_x=         125 N_y=         211 N_z=          25
 ds=   3.9990000000000008E-009
 dt=   6.6696140834870513E-018
 dn=         684
 Nt=       13696
 Nt/dn=          20
 lambda0=   6.3300000000000002E-007         158
 lambda1=   1.6314432989690722E-007          40
 source_sposy=          12
 Au:xi          50 Au:xf          74
 Au:yi        1008 Au:yf        1012
 Au:zi           1 Au:zf          25
 Si:xi           1 Si:xf         125
 Si:yi        1084 Si:yf        1256
 Si:zi           1 Si:zf          25
 Si:ep   15.054399999999999        3.8799999999999999     
 SiO2:xi           1 SiO2:xf         125
 SiO2:yi        1013 SiO2:yf        1083
 SiO2:zi           1 SiO2:zf          25
 SiO2:ep   2.1315999999999997        1.4600000000000000     
 air:xi           1 air:xf         125
 air:yi          11 air:yf        1012
 air:zi           1 air:zf          25
 air:ep   1.0000000000000000        1.0000000000000000     
 time4incident=   2.2840801418693465E-014
 distance4incident=   6.8475000000000009E-006
 vel4incident=   299792458.00000000        1.0000000000000000     
 tfinStop=        3424
 xBDlow=          10 xBDhigh=         116
 yBDlow=          10 yBDhigh=         202
 zBDlow=          10 zBDhigh=          16
 ic=          62 jc=         633 kc=          12
 i_c=          62 j_c=         105 k_c=          12
 ptiny=          14 ptry=          14 ptty=        1170
 source:           0
 starting E interchange           2
 PBCX_Ey1 interchange           2
 starting E interchange           5
 PBCX_Ey1 interchange           5
 PBCX_Ez1 interchange           2
 SendEx_S1           2
 PBCX_Ez1 interchange           5
 SendEx_S1           5
 starting E interchange           0
 PBCX_Ey1 interchange           0
 PBCX_Ez1 interchange           0
 RecvEx_S1           0
 starting E interchange           1
 PBCX_Ey1 interchange           1
 PBCX_Ez1 interchange           1
 SendEx_S1           1
 RecvEz_S1           0
 RecvEx_S1           1
 RecvEx_S1           2
 SendEz_S1           1
 PBCZ_Ex1 interchange           0
 RecvEz_S1           1
 PBCY_Ey1 interchange           0
 PBCX_Ey2 interchange           0
 PBCX_Ez2 interchange           0
 SendEx_N2           0
 starting E interchange           3
 PBCX_Ey1 interchange           3
 PBCX_Ez1 interchange           3
 SendEx_S1           3
 RecvEx_S1           3
 SendEz_S1           2
 PBCZ_Ex1 interchange           1
 RecvEz_S1           2
 PBCY_Ey1 interchange           1
 PBCX_Ey2 interchange           1
 PBCX_Ez2 interchange           1
 RecvEx_N2           1
 SendEx_N2           1
 RecvEz_N2           0
 starting E interchange           4
 PBCX_Ey1 interchange           4
 PBCX_Ez1 interchange           4
 SendEx_S1           4
 SendEz_S1           3
 RecvEx_S1           4
 SendEz_S1           5
 SendEz_S1           4
 RecvEz_S1           3
 PBCZ_Ex1 interchange           2
 PBCY_Ey1 interchange           2
 PBCX_Ey2 interchange           2
 RecvEz_S1           4
 PBCZ_Ex1 interchange           3
 PBCY_Ey1 interchange           3
 PBCX_Ey2 interchange           3
 PBCX_Ez2 interchange           2
 RecvEx_N2           2
 PBCX_Ez2 interchange           3
 RecvEx_N2           3
 PBCZ_Ex1 interchange           4
 PBCZ_Ex1 interchange           5
 PBCY_Ey1 interchange           5
 PBCX_Ey2 interchange           5
 PBCY_Ey1 interchange           4
 PBCX_Ey2 interchange           4
 PBCX_Ez2 interchange           5
 PBCX_Ez2 interchange           4
 RecvEx_N2           5
 RecvEx_N2           4
 SendEx_N2           2
 SendEx_N2           3
 RecvEz_N2           2
 SendEx_N2           4
 RecvEz_N2           3
 RecvEz_N2           1
 RecvEz_N2           4
 RecvEz_N2           5
 RecvEz_N2           1
 PBCZ_Ex2 interchange           0
 PBCZ_Ey2 interchange           0
 ending E interchange           0
 RecvEz_N2           2
 PBCZ_Ex2 interchange           1
 PBCZ_Ex2 interchange           2
 RecvEz_N2           3
 PBCZ_Ey2 interchange           1
 PBCZ_Ey2 interchange           2
 ending E interchange           2
 ending E interchange           1
 PBCZ_Ex2 interchange           3
 RecvEz_N2           4
 PBCZ_Ey2 interchange           3
 ending E interchange           3
 PBCZ_Ex2 interchange           5
 PBCZ_Ex2 interchange           4
 PBCZ_Ey2 interchange           5
 ending E interchange           5
 PBCZ_Ey2 interchange           4
 ending E interchange           4
 starting H interchange           5
 starting H interchange           0
 starting H interchange           3
 starting H interchange           1
 starting H interchange           2
 starting H interchange           4
 ending H interchange           0
 ending H interchange           1
 ending H interchange           2
 ending H interchange           3
 ending H interchange           5
 ending H interchange           4
 TFin: myrank=           0          14
 TFt: myrank=           5         115
